2015-05-28 20:04:25 [INFO ] [] XPayClient initialize [/home/utftest/html/module/lgxpay/lgdacom] []
2015-05-28 20:04:25 [DEBUG] [] Config [server_id] = [01]
2015-05-28 20:04:25 [DEBUG] [] Config [timeout] = [60]
2015-05-28 20:04:25 [DEBUG] [] Config [log_level] = [4]
2015-05-28 20:04:25 [DEBUG] [] Config [verify_cert] = [1]
2015-05-28 20:04:25 [DEBUG] [] Config [verify_host] = [1]
2015-05-28 20:04:25 [DEBUG] [] Config [report_error] = [1]
2015-05-28 20:04:25 [DEBUG] [] Config [output_utf8] = [1]
2015-05-28 20:04:25 [DEBUG] [] Config [auto_rollback] = [1]
2015-05-28 20:04:25 [DEBUG] [] Config [log_dir] = [/home/utftest/html/module/lgxpay/lgdacom/log]
2015-05-28 20:04:25 [DEBUG] [] Config [tneo54360] = [783c2b2e0aac063d8bb97bff1d8098dd]
2015-05-28 20:04:25 [DEBUG] [] Config [neo54360] = [783c2b2e0aac063d8bb97bff1d8098dd]
2015-05-28 20:04:25 [DEBUG] [] Config [url] = [https://xpayclient.lgdacom.net/xpay/Gateway.do]
2015-05-28 20:04:25 [DEBUG] [] Config [test_url] = [https://xpayclient.lgdacom.net:7443/xpay/Gateway.do]
2015-05-28 20:04:25 [DEBUG] [] Config [aux_url] = [http://xpay.lgdacom.net:7080/xpay/Gateway.do]
2015-05-28 20:04:57 [INFO ] [] XPayClient initialize [/home/utftest/html/module/lgxpay/lgdacom] []
2015-05-28 20:04:57 [DEBUG] [] Config [server_id] = [01]
2015-05-28 20:04:57 [DEBUG] [] Config [timeout] = [60]
2015-05-28 20:04:57 [DEBUG] [] Config [log_level] = [4]
2015-05-28 20:04:57 [DEBUG] [] Config [verify_cert] = [1]
2015-05-28 20:04:57 [DEBUG] [] Config [verify_host] = [1]
2015-05-28 20:04:57 [DEBUG] [] Config [report_error] = [1]
2015-05-28 20:04:57 [DEBUG] [] Config [output_utf8] = [1]
2015-05-28 20:04:57 [DEBUG] [] Config [auto_rollback] = [1]
2015-05-28 20:04:57 [DEBUG] [] Config [log_dir] = [/home/utftest/html/module/lgxpay/lgdacom/log]
2015-05-28 20:04:57 [DEBUG] [] Config [tneo54360] = [783c2b2e0aac063d8bb97bff1d8098dd]
2015-05-28 20:04:57 [DEBUG] [] Config [neo54360] = [783c2b2e0aac063d8bb97bff1d8098dd]
2015-05-28 20:04:57 [DEBUG] [] Config [url] = [https://xpayclient.lgdacom.net/xpay/Gateway.do]
2015-05-28 20:04:57 [DEBUG] [] Config [test_url] = [https://xpayclient.lgdacom.net:7443/xpay/Gateway.do]
2015-05-28 20:04:57 [DEBUG] [] Config [aux_url] = [http://xpay.lgdacom.net:7080/xpay/Gateway.do]
2015-05-28 20:05:22 [INFO ] [] XPayClient initialize [/home/utftest/html/module/lgxpay/lgdacom] [test]
2015-05-28 20:05:22 [DEBUG] [] Config [server_id] = [01]
2015-05-28 20:05:22 [DEBUG] [] Config [timeout] = [60]
2015-05-28 20:05:22 [DEBUG] [] Config [log_level] = [4]
2015-05-28 20:05:22 [DEBUG] [] Config [verify_cert] = [1]
2015-05-28 20:05:22 [DEBUG] [] Config [verify_host] = [1]
2015-05-28 20:05:22 [DEBUG] [] Config [report_error] = [1]
2015-05-28 20:05:22 [DEBUG] [] Config [output_utf8] = [1]
2015-05-28 20:05:22 [DEBUG] [] Config [auto_rollback] = [1]
2015-05-28 20:05:22 [DEBUG] [] Config [log_dir] = [/home/utftest/html/module/lgxpay/lgdacom/log]
2015-05-28 20:05:22 [DEBUG] [] Config [tneo54360] = [783c2b2e0aac063d8bb97bff1d8098dd]
2015-05-28 20:05:22 [DEBUG] [] Config [neo54360] = [783c2b2e0aac063d8bb97bff1d8098dd]
2015-05-28 20:05:22 [DEBUG] [] Config [url] = [https://xpayclient.lgdacom.net/xpay/Gateway.do]
2015-05-28 20:05:22 [DEBUG] [] Config [test_url] = [https://xpayclient.lgdacom.net:7443/xpay/Gateway.do]
2015-05-28 20:05:22 [DEBUG] [] Config [aux_url] = [http://xpay.lgdacom.net:7080/xpay/Gateway.do]
2015-05-28 20:05:22 [DEBUG] [tneo54360-0120150528200522b977baefa02e71c4508c9657c0fe7f624daae5c4] Post [LGD_TXID] = [tneo54360-0120150528200522b977baefa02e71c4508c9657c0fe7f624daae5c4]
2015-05-28 20:05:22 [DEBUG] [tneo54360-0120150528200522b977baefa02e71c4508c9657c0fe7f624daae5c4] Post [LGD_AUTHCODE] = [2fcd2ac4b3315a4fcc719053d26d1dae7bb21e8b]
2015-05-28 20:05:22 [DEBUG] [tneo54360-0120150528200522b977baefa02e71c4508c9657c0fe7f624daae5c4] Post [LGD_MID] = [tneo54360]
2015-05-28 20:05:22 [DEBUG] [tneo54360-0120150528200522b977baefa02e71c4508c9657c0fe7f624daae5c4] Post [LGD_TXNAME] = [PaymentByKey]
2015-05-28 20:05:22 [DEBUG] [tneo54360-0120150528200522b977baefa02e71c4508c9657c0fe7f624daae5c4] Post [LGD_PAYKEY] = [20150528200525DB0953CE491BF22FDCC3586388A5823EB2BA185A]
2015-05-28 20:05:22 [DEBUG] [tneo54360-0120150528200522b977baefa02e71c4508c9657c0fe7f624daae5c4] post_string = LGD_TXID=tneo54360-0120150528200522b977baefa02e71c4508c9657c0fe7f624daae5c4&LGD_AUTHCODE=2fcd2ac4b3315a4fcc719053d26d1dae7bb21e8b&LGD_MID=tneo54360&LGD_TXNAME=PaymentByKey&LGD_PAYKEY=20150528200525DB0953CE491BF22FDCC3586388A5823EB2BA185A
2015-05-28 20:05:23 [DEBUG] [tneo54360-0120150528200522b977baefa02e71c4508c9657c0fe7f624daae5c4] Result = [









{"LGD_RESPCODE":"0000","LGD_RESPMSG":"26: ","LGD_RESPONSE":[{"LGD_IFOS":"373I7C","LGD_MID":"tneo54360","LGD_FINANCENAME":"신한","LGD_CASHRECEIPTKIND":"0","LGD_DELIVERYINFO":"","LGD_BUYER":"관리자","LGD_BUYERID":"admin","LGD_OID":"6779215140","LGD_RECEIVERPHONE":"","LGD_2TR_FLAG":"Y","LGD_DEVICE":"","LGD_TID":"tneo52015052820052641986","LGD_TIMESTAMP":"20150528200526","LGD_SAOWNER":"주식회사 미디어테크","LGD_FINANCECODE":"088","LGD_BUYERPHONE":"01075584205","LGD_ESCROWYN":"N","LGD_PAYTYPE":"SC0040","LGD_CASFLAG":"R","LGD_CASCAMOUNT":"0","LGD_CASTAMOUNT":"0","LGD_AMOUNT":"10000","LGD_BUYERSSN":".","LGD_CASHRECEIPTCODE":"0000","LGD_RESPMSG":"26: ","LGD_PAYDATE":"20150528200526","LGD_PRODUCTINFO":"test2","LGD_CASSEQNO":"000","LGD_PRODUCTCODE":"","LGD_HASHDATA":"e9ffe44478195e51bbc7ec096924d73a","LGD_BUYERADDRESS":"","LGD_RECEIVER":"","LGD_RESPCODE":"0000","LGD_ACCOUNTNUM":"X3790109317967","LGD_PAYER":"test","LGD_BUYEREMAIL":"sky9s@naver.com"}]}
]
2015-05-28 20:05:23 [INFO ] [tneo54360-0120150528200522b977baefa02e71c4508c9657c0fe7f624daae5c4] Response Code=[0000], Msg=[26: ], Count=1
2015-05-28 20:05:23 [DEBUG] [tneo54360-0120150528200522b977baefa02e71c4508c9657c0fe7f624daae5c4] Response (LGD_IFOS, 0) = 373I7C
2015-05-28 20:05:23 [DEBUG] [tneo54360-0120150528200522b977baefa02e71c4508c9657c0fe7f624daae5c4] Response (LGD_MID, 0) = tneo54360
2015-05-28 20:05:23 [DEBUG] [tneo54360-0120150528200522b977baefa02e71c4508c9657c0fe7f624daae5c4] Response (LGD_FINANCENAME, 0) = 신한
2015-05-28 20:05:23 [DEBUG] [tneo54360-0120150528200522b977baefa02e71c4508c9657c0fe7f624daae5c4] Response (LGD_CASHRECEIPTKIND, 0) = 0
2015-05-28 20:05:23 [DEBUG] [tneo54360-0120150528200522b977baefa02e71c4508c9657c0fe7f624daae5c4] Response (LGD_DELIVERYINFO, 0) = 
2015-05-28 20:05:23 [DEBUG] [tneo54360-0120150528200522b977baefa02e71c4508c9657c0fe7f624daae5c4] Response (LGD_BUYER, 0) = 관리자
2015-05-28 20:05:23 [DEBUG] [tneo54360-0120150528200522b977baefa02e71c4508c9657c0fe7f624daae5c4] Response (LGD_BUYERID, 0) = admin
2015-05-28 20:05:23 [DEBUG] [tneo54360-0120150528200522b977baefa02e71c4508c9657c0fe7f624daae5c4] Response (LGD_OID, 0) = 6779215140
2015-05-28 20:05:23 [DEBUG] [tneo54360-0120150528200522b977baefa02e71c4508c9657c0fe7f624daae5c4] Response (LGD_RECEIVERPHONE, 0) = 
2015-05-28 20:05:23 [DEBUG] [tneo54360-0120150528200522b977baefa02e71c4508c9657c0fe7f624daae5c4] Response (LGD_2TR_FLAG, 0) = Y
2015-05-28 20:05:23 [DEBUG] [tneo54360-0120150528200522b977baefa02e71c4508c9657c0fe7f624daae5c4] Response (LGD_DEVICE, 0) = 
2015-05-28 20:05:23 [DEBUG] [tneo54360-0120150528200522b977baefa02e71c4508c9657c0fe7f624daae5c4] Response (LGD_TID, 0) = tneo52015052820052641986
2015-05-28 20:05:23 [DEBUG] [tneo54360-0120150528200522b977baefa02e71c4508c9657c0fe7f624daae5c4] Response (LGD_TIMESTAMP, 0) = 20150528200526
2015-05-28 20:05:23 [DEBUG] [tneo54360-0120150528200522b977baefa02e71c4508c9657c0fe7f624daae5c4] Response (LGD_SAOWNER, 0) = 주식회사 미디어테크
2015-05-28 20:05:23 [DEBUG] [tneo54360-0120150528200522b977baefa02e71c4508c9657c0fe7f624daae5c4] Response (LGD_FINANCECODE, 0) = 088
2015-05-28 20:05:23 [DEBUG] [tneo54360-0120150528200522b977baefa02e71c4508c9657c0fe7f624daae5c4] Response (LGD_BUYERPHONE, 0) = 01075584205
2015-05-28 20:05:23 [DEBUG] [tneo54360-0120150528200522b977baefa02e71c4508c9657c0fe7f624daae5c4] Response (LGD_ESCROWYN, 0) = N
2015-05-28 20:05:23 [DEBUG] [tneo54360-0120150528200522b977baefa02e71c4508c9657c0fe7f624daae5c4] Response (LGD_PAYTYPE, 0) = SC0040
2015-05-28 20:05:23 [DEBUG] [tneo54360-0120150528200522b977baefa02e71c4508c9657c0fe7f624daae5c4] Response (LGD_CASFLAG, 0) = R
2015-05-28 20:05:23 [DEBUG] [tneo54360-0120150528200522b977baefa02e71c4508c9657c0fe7f624daae5c4] Response (LGD_CASCAMOUNT, 0) = 0
2015-05-28 20:05:23 [DEBUG] [tneo54360-0120150528200522b977baefa02e71c4508c9657c0fe7f624daae5c4] Response (LGD_CASTAMOUNT, 0) = 0
2015-05-28 20:05:23 [DEBUG] [tneo54360-0120150528200522b977baefa02e71c4508c9657c0fe7f624daae5c4] Response (LGD_AMOUNT, 0) = 10000
2015-05-28 20:05:23 [DEBUG] [tneo54360-0120150528200522b977baefa02e71c4508c9657c0fe7f624daae5c4] Response (LGD_BUYERSSN, 0) = .
2015-05-28 20:05:23 [DEBUG] [tneo54360-0120150528200522b977baefa02e71c4508c9657c0fe7f624daae5c4] Response (LGD_CASHRECEIPTCODE, 0) = 0000
2015-05-28 20:05:23 [DEBUG] [tneo54360-0120150528200522b977baefa02e71c4508c9657c0fe7f624daae5c4] Response (LGD_RESPMSG, 0) = 26: 
2015-05-28 20:05:23 [DEBUG] [tneo54360-0120150528200522b977baefa02e71c4508c9657c0fe7f624daae5c4] Response (LGD_PAYDATE, 0) = 20150528200526
2015-05-28 20:05:23 [DEBUG] [tneo54360-0120150528200522b977baefa02e71c4508c9657c0fe7f624daae5c4] Response (LGD_PRODUCTINFO, 0) = test2
2015-05-28 20:05:23 [DEBUG] [tneo54360-0120150528200522b977baefa02e71c4508c9657c0fe7f624daae5c4] Response (LGD_CASSEQNO, 0) = 000
2015-05-28 20:05:23 [DEBUG] [tneo54360-0120150528200522b977baefa02e71c4508c9657c0fe7f624daae5c4] Response (LGD_PRODUCTCODE, 0) = 
2015-05-28 20:05:23 [DEBUG] [tneo54360-0120150528200522b977baefa02e71c4508c9657c0fe7f624daae5c4] Response (LGD_HASHDATA, 0) = e9ffe44478195e51bbc7ec096924d73a
2015-05-28 20:05:23 [DEBUG] [tneo54360-0120150528200522b977baefa02e71c4508c9657c0fe7f624daae5c4] Response (LGD_BUYERADDRESS, 0) = 
2015-05-28 20:05:23 [DEBUG] [tneo54360-0120150528200522b977baefa02e71c4508c9657c0fe7f624daae5c4] Response (LGD_RECEIVER, 0) = 
2015-05-28 20:05:23 [DEBUG] [tneo54360-0120150528200522b977baefa02e71c4508c9657c0fe7f624daae5c4] Response (LGD_RESPCODE, 0) = 0000
2015-05-28 20:05:23 [DEBUG] [tneo54360-0120150528200522b977baefa02e71c4508c9657c0fe7f624daae5c4] Response (LGD_ACCOUNTNUM, 0) = X3790109317967
2015-05-28 20:05:23 [DEBUG] [tneo54360-0120150528200522b977baefa02e71c4508c9657c0fe7f624daae5c4] Response (LGD_PAYER, 0) = test
2015-05-28 20:05:23 [DEBUG] [tneo54360-0120150528200522b977baefa02e71c4508c9657c0fe7f624daae5c4] Response (LGD_BUYEREMAIL, 0) = sky9s@naver.com
2015-05-28 20:24:20 [INFO ] [] XPayClient initialize [/home/utftest/html/module/lgxpay/lgdacom] []
2015-05-28 20:24:20 [DEBUG] [] Config [server_id] = [01]
2015-05-28 20:24:20 [DEBUG] [] Config [timeout] = [60]
2015-05-28 20:24:20 [DEBUG] [] Config [log_level] = [4]
2015-05-28 20:24:20 [DEBUG] [] Config [verify_cert] = [1]
2015-05-28 20:24:20 [DEBUG] [] Config [verify_host] = [1]
2015-05-28 20:24:20 [DEBUG] [] Config [report_error] = [1]
2015-05-28 20:24:20 [DEBUG] [] Config [output_utf8] = [1]
2015-05-28 20:24:20 [DEBUG] [] Config [auto_rollback] = [1]
2015-05-28 20:24:20 [DEBUG] [] Config [log_dir] = [/home/utftest/html/module/lgxpay/lgdacom/log]
2015-05-28 20:24:20 [DEBUG] [] Config [tneo54360] = [783c2b2e0aac063d8bb97bff1d8098dd]
2015-05-28 20:24:20 [DEBUG] [] Config [neo54360] = [783c2b2e0aac063d8bb97bff1d8098dd]
2015-05-28 20:24:20 [DEBUG] [] Config [url] = [https://xpayclient.lgdacom.net/xpay/Gateway.do]
2015-05-28 20:24:20 [DEBUG] [] Config [test_url] = [https://xpayclient.lgdacom.net:7443/xpay/Gateway.do]
2015-05-28 20:24:20 [DEBUG] [] Config [aux_url] = [http://xpay.lgdacom.net:7080/xpay/Gateway.do]
2015-05-28 20:24:49 [INFO ] [] XPayClient initialize [/home/utftest/html/module/lgxpay/lgdacom] [test]
2015-05-28 20:24:49 [DEBUG] [] Config [server_id] = [01]
2015-05-28 20:24:49 [DEBUG] [] Config [timeout] = [60]
2015-05-28 20:24:49 [DEBUG] [] Config [log_level] = [4]
2015-05-28 20:24:49 [DEBUG] [] Config [verify_cert] = [1]
2015-05-28 20:24:49 [DEBUG] [] Config [verify_host] = [1]
2015-05-28 20:24:49 [DEBUG] [] Config [report_error] = [1]
2015-05-28 20:24:49 [DEBUG] [] Config [output_utf8] = [1]
2015-05-28 20:24:49 [DEBUG] [] Config [auto_rollback] = [1]
2015-05-28 20:24:49 [DEBUG] [] Config [log_dir] = [/home/utftest/html/module/lgxpay/lgdacom/log]
2015-05-28 20:24:49 [DEBUG] [] Config [tneo54360] = [783c2b2e0aac063d8bb97bff1d8098dd]
2015-05-28 20:24:49 [DEBUG] [] Config [neo54360] = [783c2b2e0aac063d8bb97bff1d8098dd]
2015-05-28 20:24:49 [DEBUG] [] Config [url] = [https://xpayclient.lgdacom.net/xpay/Gateway.do]
2015-05-28 20:24:49 [DEBUG] [] Config [test_url] = [https://xpayclient.lgdacom.net:7443/xpay/Gateway.do]
2015-05-28 20:24:49 [DEBUG] [] Config [aux_url] = [http://xpay.lgdacom.net:7080/xpay/Gateway.do]
2015-05-28 20:24:49 [DEBUG] [tneo54360-0120150528202449223494a6c0d00793206e1cc81b9d0faf9cbfe151] Post [LGD_TXID] = [tneo54360-0120150528202449223494a6c0d00793206e1cc81b9d0faf9cbfe151]
2015-05-28 20:24:49 [DEBUG] [tneo54360-0120150528202449223494a6c0d00793206e1cc81b9d0faf9cbfe151] Post [LGD_AUTHCODE] = [fb42cfe5b4cf8f9cf09d9308578ec5f21d1f9f71]
2015-05-28 20:24:49 [DEBUG] [tneo54360-0120150528202449223494a6c0d00793206e1cc81b9d0faf9cbfe151] Post [LGD_MID] = [tneo54360]
2015-05-28 20:24:49 [DEBUG] [tneo54360-0120150528202449223494a6c0d00793206e1cc81b9d0faf9cbfe151] Post [LGD_TXNAME] = [PaymentByKey]
2015-05-28 20:24:49 [DEBUG] [tneo54360-0120150528202449223494a6c0d00793206e1cc81b9d0faf9cbfe151] Post [LGD_PAYKEY] = [20150528202452819E4C927E63A749D05980256A648691F921C232]
2015-05-28 20:24:49 [DEBUG] [tneo54360-0120150528202449223494a6c0d00793206e1cc81b9d0faf9cbfe151] post_string = LGD_TXID=tneo54360-0120150528202449223494a6c0d00793206e1cc81b9d0faf9cbfe151&LGD_AUTHCODE=fb42cfe5b4cf8f9cf09d9308578ec5f21d1f9f71&LGD_MID=tneo54360&LGD_TXNAME=PaymentByKey&LGD_PAYKEY=20150528202452819E4C927E63A749D05980256A648691F921C232
2015-05-28 20:24:51 [DEBUG] [tneo54360-0120150528202449223494a6c0d00793206e1cc81b9d0faf9cbfe151] Result = [









{"LGD_RESPCODE":"0000","LGD_RESPMSG":"26: ","LGD_RESPONSE":[{"LGD_IFOS":"373I7C","LGD_MID":"tneo54360","LGD_FINANCENAME":"신한","LGD_DELIVERYINFO":"","LGD_BUYER":"관리자","LGD_BUYERID":"admin","LGD_OID":"3614420947","LGD_RECEIVERPHONE":"","LGD_2TR_FLAG":"Y","LGD_DEVICE":"","LGD_TID":"tneo52015052820245342104","LGD_TIMESTAMP":"20150528202455","LGD_SAOWNER":"주식회사 미디어테크","LGD_FINANCECODE":"088","LGD_BUYERPHONE":"01075584205","LGD_ESCROWYN":"N","LGD_PAYTYPE":"SC0040","LGD_CASFLAG":"R","LGD_CASCAMOUNT":"0","LGD_CASTAMOUNT":"0","LGD_AMOUNT":"10000","LGD_BUYERSSN":".","LGD_RESPMSG":"26: ","LGD_PAYDATE":"20150528202455","LGD_PRODUCTINFO":"test2","LGD_CASSEQNO":"000","LGD_PRODUCTCODE":"","LGD_HASHDATA":"588682e52c06c4c9ec219748ca6bec8e","LGD_BUYERADDRESS":"","LGD_RECEIVER":"","LGD_RESPCODE":"0000","LGD_ACCOUNTNUM":"X3790109317970","LGD_PAYER":"홍길동","LGD_BUYEREMAIL":"sky9s@naver.com"}]}
]
2015-05-28 20:24:51 [INFO ] [tneo54360-0120150528202449223494a6c0d00793206e1cc81b9d0faf9cbfe151] Response Code=[0000], Msg=[26: ], Count=1
2015-05-28 20:24:51 [DEBUG] [tneo54360-0120150528202449223494a6c0d00793206e1cc81b9d0faf9cbfe151] Response (LGD_IFOS, 0) = 373I7C
2015-05-28 20:24:51 [DEBUG] [tneo54360-0120150528202449223494a6c0d00793206e1cc81b9d0faf9cbfe151] Response (LGD_MID, 0) = tneo54360
2015-05-28 20:24:51 [DEBUG] [tneo54360-0120150528202449223494a6c0d00793206e1cc81b9d0faf9cbfe151] Response (LGD_FINANCENAME, 0) = 신한
2015-05-28 20:24:51 [DEBUG] [tneo54360-0120150528202449223494a6c0d00793206e1cc81b9d0faf9cbfe151] Response (LGD_DELIVERYINFO, 0) = 
2015-05-28 20:24:51 [DEBUG] [tneo54360-0120150528202449223494a6c0d00793206e1cc81b9d0faf9cbfe151] Response (LGD_BUYER, 0) = 관리자
2015-05-28 20:24:51 [DEBUG] [tneo54360-0120150528202449223494a6c0d00793206e1cc81b9d0faf9cbfe151] Response (LGD_BUYERID, 0) = admin
2015-05-28 20:24:51 [DEBUG] [tneo54360-0120150528202449223494a6c0d00793206e1cc81b9d0faf9cbfe151] Response (LGD_OID, 0) = 3614420947
2015-05-28 20:24:51 [DEBUG] [tneo54360-0120150528202449223494a6c0d00793206e1cc81b9d0faf9cbfe151] Response (LGD_RECEIVERPHONE, 0) = 
2015-05-28 20:24:51 [DEBUG] [tneo54360-0120150528202449223494a6c0d00793206e1cc81b9d0faf9cbfe151] Response (LGD_2TR_FLAG, 0) = Y
2015-05-28 20:24:51 [DEBUG] [tneo54360-0120150528202449223494a6c0d00793206e1cc81b9d0faf9cbfe151] Response (LGD_DEVICE, 0) = 
2015-05-28 20:24:51 [DEBUG] [tneo54360-0120150528202449223494a6c0d00793206e1cc81b9d0faf9cbfe151] Response (LGD_TID, 0) = tneo52015052820245342104
2015-05-28 20:24:51 [DEBUG] [tneo54360-0120150528202449223494a6c0d00793206e1cc81b9d0faf9cbfe151] Response (LGD_TIMESTAMP, 0) = 20150528202455
2015-05-28 20:24:51 [DEBUG] [tneo54360-0120150528202449223494a6c0d00793206e1cc81b9d0faf9cbfe151] Response (LGD_SAOWNER, 0) = 주식회사 미디어테크
2015-05-28 20:24:51 [DEBUG] [tneo54360-0120150528202449223494a6c0d00793206e1cc81b9d0faf9cbfe151] Response (LGD_FINANCECODE, 0) = 088
2015-05-28 20:24:51 [DEBUG] [tneo54360-0120150528202449223494a6c0d00793206e1cc81b9d0faf9cbfe151] Response (LGD_BUYERPHONE, 0) = 01075584205
2015-05-28 20:24:51 [DEBUG] [tneo54360-0120150528202449223494a6c0d00793206e1cc81b9d0faf9cbfe151] Response (LGD_ESCROWYN, 0) = N
2015-05-28 20:24:51 [DEBUG] [tneo54360-0120150528202449223494a6c0d00793206e1cc81b9d0faf9cbfe151] Response (LGD_PAYTYPE, 0) = SC0040
2015-05-28 20:24:51 [DEBUG] [tneo54360-0120150528202449223494a6c0d00793206e1cc81b9d0faf9cbfe151] Response (LGD_CASFLAG, 0) = R
2015-05-28 20:24:51 [DEBUG] [tneo54360-0120150528202449223494a6c0d00793206e1cc81b9d0faf9cbfe151] Response (LGD_CASCAMOUNT, 0) = 0
2015-05-28 20:24:51 [DEBUG] [tneo54360-0120150528202449223494a6c0d00793206e1cc81b9d0faf9cbfe151] Response (LGD_CASTAMOUNT, 0) = 0
2015-05-28 20:24:51 [DEBUG] [tneo54360-0120150528202449223494a6c0d00793206e1cc81b9d0faf9cbfe151] Response (LGD_AMOUNT, 0) = 10000
2015-05-28 20:24:51 [DEBUG] [tneo54360-0120150528202449223494a6c0d00793206e1cc81b9d0faf9cbfe151] Response (LGD_BUYERSSN, 0) = .
2015-05-28 20:24:51 [DEBUG] [tneo54360-0120150528202449223494a6c0d00793206e1cc81b9d0faf9cbfe151] Response (LGD_RESPMSG, 0) = 26: 
2015-05-28 20:24:51 [DEBUG] [tneo54360-0120150528202449223494a6c0d00793206e1cc81b9d0faf9cbfe151] Response (LGD_PAYDATE, 0) = 20150528202455
2015-05-28 20:24:51 [DEBUG] [tneo54360-0120150528202449223494a6c0d00793206e1cc81b9d0faf9cbfe151] Response (LGD_PRODUCTINFO, 0) = test2
2015-05-28 20:24:51 [DEBUG] [tneo54360-0120150528202449223494a6c0d00793206e1cc81b9d0faf9cbfe151] Response (LGD_CASSEQNO, 0) = 000
2015-05-28 20:24:51 [DEBUG] [tneo54360-0120150528202449223494a6c0d00793206e1cc81b9d0faf9cbfe151] Response (LGD_PRODUCTCODE, 0) = 
2015-05-28 20:24:51 [DEBUG] [tneo54360-0120150528202449223494a6c0d00793206e1cc81b9d0faf9cbfe151] Response (LGD_HASHDATA, 0) = 588682e52c06c4c9ec219748ca6bec8e
2015-05-28 20:24:51 [DEBUG] [tneo54360-0120150528202449223494a6c0d00793206e1cc81b9d0faf9cbfe151] Response (LGD_BUYERADDRESS, 0) = 
2015-05-28 20:24:51 [DEBUG] [tneo54360-0120150528202449223494a6c0d00793206e1cc81b9d0faf9cbfe151] Response (LGD_RECEIVER, 0) = 
2015-05-28 20:24:51 [DEBUG] [tneo54360-0120150528202449223494a6c0d00793206e1cc81b9d0faf9cbfe151] Response (LGD_RESPCODE, 0) = 0000
2015-05-28 20:24:51 [DEBUG] [tneo54360-0120150528202449223494a6c0d00793206e1cc81b9d0faf9cbfe151] Response (LGD_ACCOUNTNUM, 0) = X3790109317970
2015-05-28 20:24:51 [DEBUG] [tneo54360-0120150528202449223494a6c0d00793206e1cc81b9d0faf9cbfe151] Response (LGD_PAYER, 0) = 홍길동
2015-05-28 20:24:51 [DEBUG] [tneo54360-0120150528202449223494a6c0d00793206e1cc81b9d0faf9cbfe151] Response (LGD_BUYEREMAIL, 0) = sky9s@naver.com
